<?xml version="1.0" encoding="UTF-8"?>
<!-- Generated by org.testng.reporters.JUnitReportReporter -->
<testsuite hostname="NAYANA" failures="0" tests="1" name="test.Homepagetest" time="65.366" errors="0" timestamp="2023-07-05T15:33:07 IST" skipped="0">
  <testcase classname="test.Homepagetest" name="testhomepage" time="65.366"/>
  <system-out/>
</testsuite> <!-- test.Homepagetest -->
