<?xml version="1.0" encoding="UTF-8"?>
<!-- Generated by org.testng.reporters.JUnitReportReporter -->
<testsuite hostname="NAYANA" failures="0" tests="1" name="test.Rinkupagetest" time="1.591" errors="0" timestamp="2023-06-19T12:59:32 IST" skipped="0">
  <testcase classname="test.Rinkupagetest" name="test" time="1.591"/>
  <system-out/>
</testsuite> <!-- test.Rinkupagetest -->
