<?xml version="1.0" encoding="UTF-8"?>
<!-- Generated by org.testng.reporters.JUnitReportReporter -->
<testsuite hostname="NAYANA" failures="0" tests="1" name="test.Loginpagetest" time="11.081" errors="0" timestamp="2023-07-05T15:30:49 IST" skipped="0">
  <testcase classname="test.Loginpagetest" name="testloginpage" time="11.081"/>
  <system-out/>
</testsuite> <!-- test.Loginpagetest -->
